[2m1:19:34 PM[22m [31m[1m[vite][22m[39m [31m[2m(client)[22m[39m Pre-transform error: Failed to resolve import "./components/canvas/BackgroundParticles" from "src/App.jsx". Does the file exist?
  Plugin: [35mvite:import-analysis[39m
  File: [36mC:/Users/User/Downloads/portfolio/src/App.jsx[39m:7:32
[33m  6  |  import Navbar from "./components/Navbar";
  7  |  import Footer from "./components/Footer";
  8  |  import BackgroundParticles from "./components/canvas/BackgroundParticles";
     |                                   ^
  9  |  import Home from "./pages/Home";
  10 |  import Work from "./pages/Work";[39m
[2m1:19:36 PM[22m [31m[1m[vite][22m[39m [31mInternal server error: Failed to resolve import "./components/canvas/BackgroundParticles" from "src/App.jsx". Does the file exist?[39m
  Plugin: [35mvite:import-analysis[39m
  File: [36mC:/Users/User/Downloads/portfolio/src/App.jsx[39m:7:32
[33m  6  |  import Navbar from "./components/Navbar";
  7  |  import Footer from "./components/Footer";
  8  |  import BackgroundParticles from "./components/canvas/BackgroundParticles";
     |                                   ^
  9  |  import Home from "./pages/Home";
  10 |  import Work from "./pages/Work";[39m
      at TransformPluginContext._formatLog (file:///C:/Users/User/Downloads/portfolio/node_modules/vite/dist/node/chunks/config.js:28999:43)
      at TransformPluginContext.error (file:///C:/Users/User/Downloads/portfolio/node_modules/vite/dist/node/chunks/config.js:28996:14)
      at normalizeUrl (file:///C:/Users/User/Downloads/portfolio/node_modules/vite/dist/node/chunks/config.js:27119:18)
      at process.processTicksAndRejections (node:internal/process/task_queues:103:5)
      at async file:///C:/Users/User/Downloads/portfolio/node_modules/vite/dist/node/chunks/config.js:27177:32
      at async Promise.all (index 6)
      at async TransformPluginContext.transform (file:///C:/Users/User/Downloads/portfolio/node_modules/vite/dist/node/chunks/config.js:27145:4)
      at async EnvironmentPluginContainer.transform (file:///C:/Users/User/Downloads/portfolio/node_modules/vite/dist/node/chunks/config.js:28797:14)
      at async loadAndTransform (file:///C:/Users/User/Downloads/portfolio/node_modules/vite/dist/node/chunks/config.js:22670:26)
      at async viteTransformMiddleware (file:///C:/Users/User/Downloads/portfolio/node_modules/vite/dist/node/chunks/config.js:24542:20)
[2m1:21:08 PM[22m [31m[1m[vite][22m[39m [31mInternal server error: Failed to resolve import "./components/canvas/BackgroundParticles" from "src/App.jsx". Does the file exist?[39m
  Plugin: [35mvite:import-analysis[39m
  File: [36mC:/Users/User/Downloads/portfolio/src/App.jsx[39m:7:32
[33m  6  |  import Navbar from "./components/Navbar";
  7  |  import Footer from "./components/Footer";
  8  |  import BackgroundParticles from "./components/canvas/BackgroundParticles";
     |                                   ^
  9  |  import Home from "./pages/Home";
  10 |  import Work from "./pages/Work";[39m
      at TransformPluginContext._formatLog (file:///C:/Users/User/Downloads/portfolio/node_modules/vite/dist/node/chunks/config.js:28999:43)
      at TransformPluginContext.error (file:///C:/Users/User/Downloads/portfolio/node_modules/vite/dist/node/chunks/config.js:28996:14)
      at normalizeUrl (file:///C:/Users/User/Downloads/portfolio/node_modules/vite/dist/node/chunks/config.js:27119:18)
      at process.processTicksAndRejections (node:internal/process/task_queues:103:5)
      at async file:///C:/Users/User/Downloads/portfolio/node_modules/vite/dist/node/chunks/config.js:27177:32
      at async Promise.all (index 6)
      at async TransformPluginContext.transform (file:///C:/Users/User/Downloads/portfolio/node_modules/vite/dist/node/chunks/config.js:27145:4)
      at async EnvironmentPluginContainer.transform (file:///C:/Users/User/Downloads/portfolio/node_modules/vite/dist/node/chunks/config.js:28797:14)
      at async loadAndTransform (file:///C:/Users/User/Downloads/portfolio/node_modules/vite/dist/node/chunks/config.js:22670:26)
      at async viteTransformMiddleware (file:///C:/Users/User/Downloads/portfolio/node_modules/vite/dist/node/chunks/config.js:24542:20)
